<?xml version="1.0" encoding="UTF-8"?>
<!-- Generated by org.testng.reporters.JUnitReportReporter -->
<testsuite hostname="Partha_PC" failures="0" tests="4" name="api.test.UserTests" time="10.263" errors="0" timestamp="2025-01-04T15:36:21 IST" skipped="0">
  <testcase classname="api.test.UserTests" name="testPostUser" time="4.194"/>
  <testcase classname="api.test.UserTests" name="testGetUserByName" time="1.523"/>
  <testcase classname="api.test.UserTests" name="testUpdateUserByName" time="3.105"/>
  <testcase classname="api.test.UserTests" name="testDeleteUserByName" time="1.441"/>
</testsuite> <!-- api.test.UserTests -->
